app/build/intermediates/manifest_merge_blame_file/debug/manifest-merger-blame-debug-report.txt
1<?xml version="1.0" encoding="utf-8"?>
2<manifest xmlns:android="http://schemas.android.com/apk/res/android"
3    package="com.google.mlkit.vision.demo"
4    android:installLocation="auto"
5    android:versionCode="11"
6    android:versionName="1.11" >
7    <!--
8 CameraX libraries require minSdkVersion 21, while this quickstart app
9    supports low to 16. Needs to use overrideLibrary to make the merger tool
10    ignore this conflict and import the libraries while keeping the app's lower
11    minSdkVersion value. In code, will check SDK version, before calling CameraX
12    APIs.
13    -->
14    <uses-sdk
14-->src\main\AndroidManifest.xml:12:5-15:63
15        android:minSdkVersion="16"
15-->src\main\AndroidManifest.xml:12:5-15:63
16        android:targetSdkVersion="30" />
16-->src\main\AndroidManifest.xml:12:5-15:63
17
18    <uses-feature android:name="android.hardware.camera" />
18-->src\main\AndroidManifest.xml:17:5-59
18-->src\main\AndroidManifest.xml:17:19-57
19
20    <uses-permission android:name="android.permission.INTERNET" />
20-->src\main\AndroidManifest.xml:19:5-66
20-->src\main\AndroidManifest.xml:19:22-64
21    <uses-permission android:name="android.permission.WRITE_EXTERNAL_STORAGE" />
21-->src\main\AndroidManifest.xml:20:5-80
21-->src\main\AndroidManifest.xml:20:22-78
22    <uses-permission android:name="android.permission.READ_EXTERNAL_STORAGE" />
22-->src\main\AndroidManifest.xml:21:5-79
22-->src\main\AndroidManifest.xml:21:22-77
23    <uses-permission android:name="android.permission.CAMERA" />
23-->src\main\AndroidManifest.xml:22:5-64
23-->src\main\AndroidManifest.xml:22:22-62
24
25    <queries>
25-->src\main\AndroidManifest.xml:90:5-94:15
26        <intent>
26-->src\main\AndroidManifest.xml:91:9-93:18
27            <action android:name="android.media.action.IMAGE_CAPTURE" />
27-->src\main\AndroidManifest.xml:92:13-73
27-->src\main\AndroidManifest.xml:92:21-70
28        </intent>
29    </queries>
30
31    <!-- Although the *SdkVersion is captured in gradle build files, this is required for non gradle builds -->
32    <!-- <uses-sdk android:minSdkVersion="14"/> -->
33    <uses-permission android:name="android.permission.ACCESS_NETWORK_STATE" />
33-->[com.google.android.datatransport:transport-backend-cct:2.3.3] AndroidManifest.xml:25:5-79
33-->[com.google.android.datatransport:transport-backend-cct:2.3.3] AndroidManifest.xml:25:22-76
34
35    <application
35-->src\main\AndroidManifest.xml:24:5-89:19
36        android:name="androidx.multidex.MultiDexApplication"
36-->src\main\AndroidManifest.xml:25:9-61
37        android:appComponentFactory="androidx.core.app.CoreComponentFactory"
37-->[androidx.core:core:1.3.1] AndroidManifest.xml:24:18-86
38        android:debuggable="true"
39        android:icon="@drawable/logo_mlkit"
39-->src\main\AndroidManifest.xml:26:9-44
40        android:label="@string/app_name"
40-->src\main\AndroidManifest.xml:27:9-41
41        android:testOnly="true"
42        android:theme="@style/Theme.AppCompat" >
42-->src\main\AndroidManifest.xml:28:9-47
43        <meta-data
43-->src\main\AndroidManifest.xml:30:9-32:68
44            android:name="com.google.android.gms.version"
44-->src\main\AndroidManifest.xml:31:13-58
45            android:value="@integer/google_play_services_version" />
45-->src\main\AndroidManifest.xml:32:13-66
46
47        <!--
48          Optional: Add it to automatically download ML model to device after
49          your app is installed.
50        -->
51        <meta-data
51-->src\main\AndroidManifest.xml:36:9-38:51
52            android:name="com.google.mlkit.vision.DEPENDENCIES"
52-->src\main\AndroidManifest.xml:37:13-64
53            android:value="barcode,face,ocr,ica" />
53-->src\main\AndroidManifest.xml:38:13-49
54
55        <activity
55-->src\main\AndroidManifest.xml:40:9-44:20
56            android:name="com.google.mlkit.vision.demo.EntryChoiceActivity"
56-->src\main\AndroidManifest.xml:41:13-48
57            android:exported="true"
57-->src\main\AndroidManifest.xml:42:13-36
58            android:theme="@style/AppTheme" >
58-->src\main\AndroidManifest.xml:43:13-44
59        </activity>
60        <activity
60-->src\main\AndroidManifest.xml:46:9-54:20
61            android:name="com.google.mlkit.vision.demo.java.CameraXLivePreviewActivity"
61-->src\main\AndroidManifest.xml:47:13-60
62            android:exported="true"
62-->src\main\AndroidManifest.xml:48:13-36
63            android:theme="@style/AppTheme" >
63-->src\main\AndroidManifest.xml:49:13-44
64            <intent-filter>
64-->src\main\AndroidManifest.xml:50:13-53:29
65                <action android:name="android.intent.action.MAIN" />
65-->src\main\AndroidManifest.xml:51:17-68
65-->src\main\AndroidManifest.xml:51:25-66
66
67                <category android:name="android.intent.category.LAUNCHER" />
67-->src\main\AndroidManifest.xml:52:17-76
67-->src\main\AndroidManifest.xml:52:27-74
68            </intent-filter>
69        </activity>
70        <activity
70-->src\main\AndroidManifest.xml:56:9-59:20
71            android:name="com.google.mlkit.vision.demo.kotlin.ChooserActivity"
71-->src\main\AndroidManifest.xml:57:13-51
72            android:exported="true" >
72-->src\main\AndroidManifest.xml:58:13-36
73        </activity>
74        <activity
74-->src\main\AndroidManifest.xml:61:9-65:20
75            android:name="com.google.mlkit.vision.demo.kotlin.LivePreviewActivity"
75-->src\main\AndroidManifest.xml:62:13-55
76            android:exported="true"
76-->src\main\AndroidManifest.xml:63:13-36
77            android:theme="@style/AppTheme" >
77-->src\main\AndroidManifest.xml:64:13-44
78        </activity>
79        <activity
79-->src\main\AndroidManifest.xml:67:9-71:20
80            android:name="com.google.mlkit.vision.demo.kotlin.CameraXLivePreviewActivity"
80-->src\main\AndroidManifest.xml:68:13-62
81            android:exported="true"
81-->src\main\AndroidManifest.xml:69:13-36
82            android:theme="@style/AppTheme" >
82-->src\main\AndroidManifest.xml:70:13-44
83        </activity>
84        <activity
84-->src\main\AndroidManifest.xml:73:9-77:20
85            android:name="com.google.mlkit.vision.demo.kotlin.CameraXSourceDemoActivity"
85-->src\main\AndroidManifest.xml:74:13-61
86            android:exported="true"
86-->src\main\AndroidManifest.xml:75:13-36
87            android:theme="@style/AppTheme" >
87-->src\main\AndroidManifest.xml:76:13-44
88        </activity>
89        <activity
89-->src\main\AndroidManifest.xml:79:9-83:20
90            android:name="com.google.mlkit.vision.demo.kotlin.StillImageActivity"
90-->src\main\AndroidManifest.xml:80:13-54
91            android:exported="true"
91-->src\main\AndroidManifest.xml:81:13-36
92            android:theme="@style/AppTheme" >
92-->src\main\AndroidManifest.xml:82:13-44
93        </activity>
94        <activity
94-->src\main\AndroidManifest.xml:85:9-87:39
95            android:name="com.google.mlkit.vision.demo.preference.SettingsActivity"
95-->src\main\AndroidManifest.xml:86:13-56
96            android:exported="false" />
96-->src\main\AndroidManifest.xml:87:13-37
97
98        <service
98-->[com.google.mlkit:object-detection:16.2.5] AndroidManifest.xml:8:9-14:19
99            android:name="com.google.mlkit.common.internal.MlKitComponentDiscoveryService"
99-->[com.google.mlkit:object-detection:16.2.5] AndroidManifest.xml:9:13-91
100            android:directBootAware="true"
100-->[com.google.mlkit:common:17.2.0] AndroidManifest.xml:17:13-43
101            android:exported="false" >
101-->[com.google.mlkit:object-detection:16.2.5] AndroidManifest.xml:10:13-37
102            <meta-data
102-->[com.google.mlkit:object-detection:16.2.5] AndroidManifest.xml:11:13-13:85
103                android:name="com.google.firebase.components:com.google.mlkit.vision.objects.defaults.internal.DefaultObjectsRegistrar"
103-->[com.google.mlkit:object-detection:16.2.5] AndroidManifest.xml:12:17-136
104                android:value="com.google.firebase.components.ComponentRegistrar" />
104-->[com.google.mlkit:object-detection:16.2.5] AndroidManifest.xml:13:17-82
105            <meta-data
105-->[com.google.mlkit:object-detection-custom:16.3.2] AndroidManifest.xml:11:13-13:85
106                android:name="com.google.firebase.components:com.google.mlkit.vision.objects.custom.internal.CustomObjectsRegistrar"
106-->[com.google.mlkit:object-detection-custom:16.3.2] AndroidManifest.xml:12:17-133
107                android:value="com.google.firebase.components.ComponentRegistrar" />
107-->[com.google.mlkit:object-detection-custom:16.3.2] AndroidManifest.xml:13:17-82
108            <meta-data
108-->[com.google.android.gms:play-services-mlkit-text-recognition:16.2.0] AndroidManifest.xml:12:13-14:85
109                android:name="com.google.firebase.components:com.google.mlkit.vision.text.internal.TextRegistrar"
109-->[com.google.android.gms:play-services-mlkit-text-recognition:16.2.0] AndroidManifest.xml:13:17-114
110                android:value="com.google.firebase.components.ComponentRegistrar" />
110-->[com.google.android.gms:play-services-mlkit-text-recognition:16.2.0] AndroidManifest.xml:14:17-82
111            <meta-data
111-->[com.google.mlkit:image-labeling:17.0.4] AndroidManifest.xml:11:13-13:85
112                android:name="com.google.firebase.components:com.google.mlkit.vision.label.defaults.internal.BundledLabelRegistrar"
112-->[com.google.mlkit:image-labeling:17.0.4] AndroidManifest.xml:12:17-132
113                android:value="com.google.firebase.components.ComponentRegistrar" />
113-->[com.google.mlkit:image-labeling:17.0.4] AndroidManifest.xml:13:17-82
114            <meta-data
114-->[com.google.mlkit:image-labeling-custom:16.3.1] AndroidManifest.xml:11:13-13:85
115                android:name="com.google.firebase.components:com.google.mlkit.vision.label.custom.internal.CustomLabelRegistrar"
115-->[com.google.mlkit:image-labeling-custom:16.3.1] AndroidManifest.xml:12:17-129
116                android:value="com.google.firebase.components.ComponentRegistrar" />
116-->[com.google.mlkit:image-labeling-custom:16.3.1] AndroidManifest.xml:13:17-82
117            <meta-data
117-->[com.google.mlkit:segmentation-selfie:16.0.0-beta1] AndroidManifest.xml:12:13-14:85
118                android:name="com.google.firebase.components:com.google.mlkit.vision.segmentation.internal.SegmentationRegistrar"
118-->[com.google.mlkit:segmentation-selfie:16.0.0-beta1] AndroidManifest.xml:13:17-130
119                android:value="com.google.firebase.components.ComponentRegistrar" />
119-->[com.google.mlkit:segmentation-selfie:16.0.0-beta1] AndroidManifest.xml:14:17-82
120            <meta-data
120-->[com.google.android.gms:play-services-mlkit-barcode-scanning:16.1.5] AndroidManifest.xml:12:13-14:85
121                android:name="com.google.firebase.components:com.google.mlkit.vision.barcode.internal.BarcodeRegistrar"
121-->[com.google.android.gms:play-services-mlkit-barcode-scanning:16.1.5] AndroidManifest.xml:13:17-120
122                android:value="com.google.firebase.components.ComponentRegistrar" />
122-->[com.google.android.gms:play-services-mlkit-barcode-scanning:16.1.5] AndroidManifest.xml:14:17-82
123            <meta-data
123-->[com.google.mlkit:vision-internal-vkp:18.1.0] AndroidManifest.xml:11:13-13:85
124                android:name="com.google.firebase.components:com.google.mlkit.vision.vkp.VkpRegistrar"
124-->[com.google.mlkit:vision-internal-vkp:18.1.0] AndroidManifest.xml:12:17-103
125                android:value="com.google.firebase.components.ComponentRegistrar" />
125-->[com.google.mlkit:vision-internal-vkp:18.1.0] AndroidManifest.xml:13:17-82
126            <meta-data
126-->[com.google.android.gms:play-services-mlkit-face-detection:16.1.7] AndroidManifest.xml:12:13-14:85
127                android:name="com.google.firebase.components:com.google.mlkit.vision.face.internal.FaceRegistrar"
127-->[com.google.android.gms:play-services-mlkit-face-detection:16.1.7] AndroidManifest.xml:13:17-114
128                android:value="com.google.firebase.components.ComponentRegistrar" />
128-->[com.google.android.gms:play-services-mlkit-face-detection:16.1.7] AndroidManifest.xml:14:17-82
129            <meta-data
129-->[com.google.mlkit:pose-detection-common:17.1.0-beta2] AndroidManifest.xml:11:13-13:85
130                android:name="com.google.firebase.components:com.google.mlkit.vision.pose.internal.PoseRegistrar"
130-->[com.google.mlkit:pose-detection-common:17.1.0-beta2] AndroidManifest.xml:12:17-114
131                android:value="com.google.firebase.components.ComponentRegistrar" />
131-->[com.google.mlkit:pose-detection-common:17.1.0-beta2] AndroidManifest.xml:13:17-82
132            <meta-data
132-->[com.google.mlkit:vision-common:16.4.0] AndroidManifest.xml:12:13-14:85
133                android:name="com.google.firebase.components:com.google.mlkit.vision.common.internal.VisionCommonRegistrar"
133-->[com.google.mlkit:vision-common:16.4.0] AndroidManifest.xml:13:17-124
134                android:value="com.google.firebase.components.ComponentRegistrar" />
134-->[com.google.mlkit:vision-common:16.4.0] AndroidManifest.xml:14:17-82
135            <meta-data
135-->[com.google.mlkit:common:17.2.0] AndroidManifest.xml:20:13-22:85
136                android:name="com.google.firebase.components:com.google.mlkit.common.internal.CommonComponentRegistrar"
136-->[com.google.mlkit:common:17.2.0] AndroidManifest.xml:21:17-120
137                android:value="com.google.firebase.components.ComponentRegistrar" />
137-->[com.google.mlkit:common:17.2.0] AndroidManifest.xml:22:17-82
138        </service>
139
140        <provider
140-->[com.google.mlkit:common:17.2.0] AndroidManifest.xml:9:9-13:38
141            android:name="com.google.mlkit.common.internal.MlKitInitProvider"
141-->[com.google.mlkit:common:17.2.0] AndroidManifest.xml:10:13-78
142            android:authorities="com.google.mlkit.vision.demo.mlkitinitprovider"
142-->[com.google.mlkit:common:17.2.0] AndroidManifest.xml:11:13-69
143            android:exported="false"
143-->[com.google.mlkit:common:17.2.0] AndroidManifest.xml:12:13-37
144            android:initOrder="99" />
144-->[com.google.mlkit:common:17.2.0] AndroidManifest.xml:13:13-35
145
146        <activity
146-->[com.google.android.gms:play-services-base:17.6.0] AndroidManifest.xml:23:9-26:75
147            android:name="com.google.android.gms.common.api.GoogleApiActivity"
147-->[com.google.android.gms:play-services-base:17.6.0] AndroidManifest.xml:24:13-79
148            android:exported="false"
148-->[com.google.android.gms:play-services-base:17.6.0] AndroidManifest.xml:25:13-37
149            android:theme="@android:style/Theme.Translucent.NoTitleBar" />
149-->[com.google.android.gms:play-services-base:17.6.0] AndroidManifest.xml:26:13-72
150
151        <service
151-->[com.google.android.datatransport:transport-backend-cct:2.3.3] AndroidManifest.xml:29:9-35:19
152            android:name="com.google.android.datatransport.runtime.backends.TransportBackendDiscovery"
152-->[com.google.android.datatransport:transport-backend-cct:2.3.3] AndroidManifest.xml:30:13-103
153            android:exported="false" >
153-->[com.google.android.datatransport:transport-backend-cct:2.3.3] AndroidManifest.xml:31:13-37
154            <meta-data
154-->[com.google.android.datatransport:transport-backend-cct:2.3.3] AndroidManifest.xml:32:13-34:39
155                android:name="backend:com.google.android.datatransport.cct.CctBackendFactory"
155-->[com.google.android.datatransport:transport-backend-cct:2.3.3] AndroidManifest.xml:33:17-94
156                android:value="cct" />
156-->[com.google.android.datatransport:transport-backend-cct:2.3.3] AndroidManifest.xml:34:17-36
157        </service>
158        <service
158-->[com.google.android.datatransport:transport-runtime:2.2.6] AndroidManifest.xml:26:9-30:19
159            android:name="com.google.android.datatransport.runtime.scheduling.jobscheduling.JobInfoSchedulerService"
159-->[com.google.android.datatransport:transport-runtime:2.2.6] AndroidManifest.xml:27:13-117
160            android:exported="false"
160-->[com.google.android.datatransport:transport-runtime:2.2.6] AndroidManifest.xml:28:13-37
161            android:permission="android.permission.BIND_JOB_SERVICE" >
161-->[com.google.android.datatransport:transport-runtime:2.2.6] AndroidManifest.xml:29:13-69
162        </service>
163
164        <receiver
164-->[com.google.android.datatransport:transport-runtime:2.2.6] AndroidManifest.xml:32:9-34:40
165            android:name="com.google.android.datatransport.runtime.scheduling.jobscheduling.AlarmManagerSchedulerBroadcastReceiver"
165-->[com.google.android.datatransport:transport-runtime:2.2.6] AndroidManifest.xml:33:13-132
166            android:exported="false" />
166-->[com.google.android.datatransport:transport-runtime:2.2.6] AndroidManifest.xml:34:13-37
167
168        <provider
168-->[androidx.lifecycle:lifecycle-process:2.1.0] AndroidManifest.xml:23:9-27:43
169            android:name="androidx.lifecycle.ProcessLifecycleOwnerInitializer"
169-->[androidx.lifecycle:lifecycle-process:2.1.0] AndroidManifest.xml:24:13-79
170            android:authorities="com.google.mlkit.vision.demo.lifecycle-process"
170-->[androidx.lifecycle:lifecycle-process:2.1.0] AndroidManifest.xml:25:13-69
171            android:exported="false"
171-->[androidx.lifecycle:lifecycle-process:2.1.0] AndroidManifest.xml:26:13-37
172            android:multiprocess="true" />
172-->[androidx.lifecycle:lifecycle-process:2.1.0] AndroidManifest.xml:27:13-40
173    </application>
174
175</manifest>